# JRE version: Java(TM) SE Runtime Environment (8.0_151-b12) (build 1.8.0_151-b12)
# Java VM: Java HotSpot(TM) 64-Bit Server VM (25.151-b12 mixed mode windows-amd64 compressed oops)
Heap:
 PSYoungGen      total 14848K, used 6436K [0x00000000eaf80000, 0x00000000ecb00000, 0x0000000100000000)
  eden space 11776K, 28% used [0x00000000eaf80000,0x00000000eb2d1698,0x00000000ebb00000)
  from space 3072K, 98% used [0x00000000ebb00000,0x00000000ebdf7ad8,0x00000000ebe00000)
  to   space 4608K, 0% used [0x00000000ec680000,0x00000000ec680000,0x00000000ecb00000)
 ParOldGen       total 13312K, used 7176K [0x00000000c0e00000, 0x00000000c1b00000, 0x00000000eaf80000)
  object space 13312K, 53% used [0x00000000c0e00000,0x00000000c15020f8,0x00000000c1b00000)
 Metaspace       used 18057K, capacity 19192K, committed 19456K, reserved 1067008K
  class space    used 2568K, capacity 2792K, committed 2816K, reserved 1048576K
GC Heap History (10 events):
Event: 1.092 GC heap before
{Heap before GC invocations=8 (full 0):
 PSYoungGen      total 5120K, used 5120K [0x00000000eaf80000, 0x00000000eba80000, 0x0000000100000000)
  eden space 3584K, 100% used [0x00000000eaf80000,0x00000000eb300000,0x00000000eb300000)
  from space 1536K, 100% used [0x00000000eb300000,0x00000000eb480000,0x00000000eb480000)
  to   space 2048K, 0% used [0x00000000eb880000,0x00000000eb880000,0x00000000eba80000)
 ParOldGen       total 7168K, used 1771K [0x00000000c0e00000, 0x00000000c1500000, 0x00000000eaf80000)
  object space 7168K, 24% used [0x00000000c0e00000,0x00000000c0fbaf18,0x00000000c1500000)
 Metaspace       used 12023K, capacity 12514K, committed 12544K, reserved 1060864K
  class space    used 1627K, capacity 1765K, committed 1792K, reserved 1048576K
Event: 1.096 GC heap after
Heap after GC invocations=8 (full 0):
 PSYoungGen      total 9216K, used 2016K [0x00000000eaf80000, 0x00000000eba80000, 0x0000000100000000)
  eden space 7168K, 0% used [0x00000000eaf80000,0x00000000eaf80000,0x00000000eb680000)
  from space 2048K, 98% used [0x00000000eb880000,0x00000000eba78000,0x00000000eba80000)
  to   space 2048K, 0% used [0x00000000eb680000,0x00000000eb680000,0x00000000eb880000)
 ParOldGen       total 7168K, used 1883K [0x00000000c0e00000, 0x00000000c1500000, 0x00000000eaf80000)
  object space 7168K, 26% used [0x00000000c0e00000,0x00000000c0fd6f18,0x00000000c1500000)
 Metaspace       used 12023K, capacity 12514K, committed 12544K, reserved 1060864K
  class space    used 1627K, capacity 1765K, committed 1792K, reserved 1048576K
}
Event: 1.465 GC heap before
{Heap before GC invocations=9 (full 0):
 PSYoungGen      total 9216K, used 9184K [0x00000000eaf80000, 0x00000000eba80000, 0x0000000100000000)
  eden space 7168K, 100% used [0x00000000eaf80000,0x00000000eb680000,0x00000000eb680000)
  from space 2048K, 98% used [0x00000000eb880000,0x00000000eba78000,0x00000000eba80000)
  to   space 2048K, 0% used [0x00000000eb680000,0x00000000eb680000,0x00000000eb880000)
 ParOldGen       total 7168K, used 1883K [0x00000000c0e00000, 0x00000000c1500000, 0x00000000eaf80000)
  object space 7168K, 26% used [0x00000000c0e00000,0x00000000c0fd6f18,0x00000000c1500000)
 Metaspace       used 14479K, capacity 15304K, committed 15616K, reserved 1062912K
  class space    used 2039K, capacity 2232K, committed 2304K, reserved 1048576K
Event: 1.469 GC heap after
Heap after GC invocations=9 (full 0):
 PSYoungGen      total 9216K, used 2048K [0x00000000eaf80000, 0x00000000ec100000, 0x0000000100000000)
  eden space 7168K, 0% used [0x00000000eaf80000,0x00000000eaf80000,0x00000000eb680000)
  from space 2048K, 100% used [0x00000000eb680000,0x00000000eb880000,0x00000000eb880000)
  to   space 3072K, 0% used [0x00000000ebe00000,0x00000000ebe00000,0x00000000ec100000)
 ParOldGen       total 7168K, used 2531K [0x00000000c0e00000, 0x00000000c1500000, 0x00000000eaf80000)
  object space 7168K, 35% used [0x00000000c0e00000,0x00000000c1078f18,0x00000000c1500000)
 Metaspace       used 14479K, capacity 15304K, committed 15616K, reserved 1062912K
  class space    used 2039K, capacity 2232K, committed 2304K, reserved 1048576K
}
Event: 1.767 GC heap before
{Heap before GC invocations=10 (full 0):
 PSYoungGen      total 9216K, used 9216K [0x00000000eaf80000, 0x00000000ec100000, 0x0000000100000000)
  eden space 7168K, 100% used [0x00000000eaf80000,0x00000000eb680000,0x00000000eb680000)
  from space 2048K, 100% used [0x00000000eb680000,0x00000000eb880000,0x00000000eb880000)
  to   space 3072K, 0% used [0x00000000ebe00000,0x00000000ebe00000,0x00000000ec100000)
 ParOldGen       total 7168K, used 2531K [0x00000000c0e00000, 0x00000000c1500000, 0x00000000eaf80000)
  object space 7168K, 35% used [0x00000000c0e00000,0x00000000c1078f18,0x00000000c1500000)
 Metaspace       used 16298K, capacity 17290K, committed 17536K, reserved 1064960K
  class space    used 2395K, capacity 2583K, committed 2688K, reserved 1048576K
Event: 1.779 GC heap after
Heap after GC invocations=10 (full 0):
 PSYoungGen      total 14848K, used 2096K [0x00000000eaf80000, 0x00000000ec100000, 0x0000000100000000)
  eden space 11776K, 0% used [0x00000000eaf80000,0x00000000eaf80000,0x00000000ebb00000)
  from space 3072K, 68% used [0x00000000ebe00000,0x00000000ec00c010,0x00000000ec100000)
  to   space 3072K, 0% used [0x00000000ebb00000,0x00000000ebb00000,0x00000000ebe00000)
 ParOldGen       total 7168K, used 3827K [0x00000000c0e00000, 0x00000000c1500000, 0x00000000eaf80000)
  object space 7168K, 53% used [0x00000000c0e00000,0x00000000c11bcf18,0x00000000c1500000)
 Metaspace       used 16298K, capacity 17290K, committed 17536K, reserved 1064960K
  class space    used 2395K, capacity 2583K, committed 2688K, reserved 1048576K
}
Event: 2.177 GC heap before
{Heap before GC invocations=11 (full 0):
 PSYoungGen      total 14848K, used 13125K [0x00000000eaf80000, 0x00000000ec100000, 0x0000000100000000)
  eden space 11776K, 93% used [0x00000000eaf80000,0x00000000eba454a0,0x00000000ebb00000)
  from space 3072K, 68% used [0x00000000ebe00000,0x00000000ec00c010,0x00000000ec100000)
  to   space 3072K, 0% used [0x00000000ebb00000,0x00000000ebb00000,0x00000000ebe00000)
 ParOldGen       total 7168K, used 3827K [0x00000000c0e00000, 0x00000000c1500000, 0x00000000eaf80000)
  object space 7168K, 53% used [0x00000000c0e00000,0x00000000c11bcf18,0x00000000c1500000)
 Metaspace       used 17423K, capacity 18560K, committed 18688K, reserved 1064960K
  class space    used 2518K, capacity 2752K, committed 2816K, reserved 1048576K
Event: 2.193 GC heap after
Heap after GC invocations=11 (full 0):
 PSYoungGen      total 14848K, used 3040K [0x00000000eaf80000, 0x00000000ecb00000, 0x0000000100000000)
  eden space 11776K, 0% used [0x00000000eaf80000,0x00000000eaf80000,0x00000000ebb00000)
  from space 3072K, 98% used [0x00000000ebb00000,0x00000000ebdf8010,0x00000000ebe00000)
  to   space 4608K, 0% used [0x00000000ec680000,0x00000000ec680000,0x00000000ecb00000)
 ParOldGen       total 7680K, used 7537K [0x00000000c0e00000, 0x00000000c1580000, 0x00000000eaf80000)
  object space 7680K, 98% used [0x00000000c0e00000,0x00000000c155c5c8,0x00000000c1580000)
 Metaspace       used 17423K, capacity 18560K, committed 18688K, reserved 1064960K
  class space    used 2518K, capacity 2752K, committed 2816K, reserved 1048576K
}
Event: 2.193 GC heap before
{Heap before GC invocations=12 (full 1):
 PSYoungGen      total 14848K, used 3040K [0x00000000eaf80000, 0x00000000ecb00000, 0x0000000100000000)
  eden space 11776K, 0% used [0x00000000eaf80000,0x00000000eaf80000,0x00000000ebb00000)
  from space 3072K, 98% used [0x00000000ebb00000,0x00000000ebdf8010,0x00000000ebe00000)
  to   space 4608K, 0% used [0x00000000ec680000,0x00000000ec680000,0x00000000ecb00000)
 ParOldGen       total 7680K, used 7537K [0x00000000c0e00000, 0x00000000c1580000, 0x00000000eaf80000)
  object space 7680K, 98% used [0x00000000c0e00000,0x00000000c155c5c8,0x00000000c1580000)
 Metaspace       used 17423K, capacity 18560K, committed 18688K, reserved 1064960K
  class space    used 2518K, capacity 2752K, committed 2816K, reserved 1048576K
Event: 2.342 GC heap after
Heap after GC invocations=12 (full 1):
 PSYoungGen      total 14848K, used 3038K [0x00000000eaf80000, 0x00000000ecb00000, 0x0000000100000000)
  eden space 11776K, 0% used [0x00000000eaf80000,0x00000000eaf80000,0x00000000ebb00000)
  from space 3072K, 98% used [0x00000000ebb00000,0x00000000ebdf7ad8,0x00000000ebe00000)
  to   space 4608K, 0% used [0x00000000ec680000,0x00000000ec680000,0x00000000ecb00000)
 ParOldGen       total 13312K, used 7176K [0x00000000c0e00000, 0x00000000c1b00000, 0x00000000eaf80000)
  object space 13312K, 53% used [0x00000000c0e00000,0x00000000c15020f8,0x00000000c1b00000)
 Metaspace       used 17423K, capacity 18560K, committed 18688K, reserved 1064960K
  class space    used 2518K, capacity 2752K, committed 2816K, reserved 1048576K
}

